<?xml version="1.0" encoding="UTF-8"?>
<!-- Generated by org.testng.reporters.JUnitXMLReporter -->
<testsuite ignored="1" hostname="TCS1INMLBK42N93" failures="1" tests="2" name="Test" time="34.214" errors="0" timestamp="2024-07-21T05:38:33 BST">
  <testcase classname="testCases.tc_001_AccountRegistrationTest" name="verify_account_registration" time="9.407"/>
  <testcase classname="testCases.tc_002_LoginTest" name="verify_login" time="8.529">
    <failure type="java.lang.AssertionError" message="expected [true] but found [false]">
      <![CDATA[java.lang.AssertionError: expected [true] but found [false]
at testCases.tc_002_LoginTest.verify_login(tc_002_LoginTest.java:35)
at java.base/java.util.ArrayList.forEach(ArrayList.java:1541)
... Removed 34 stack frames]]>
    </failure>
  </testcase> <!-- verify_login -->
  <testcase classname="testCases.tc_003_LoginDataDrivenTest" name="verify_loginDDT" time="0.0">
    <ignored/>
  </testcase> <!-- verify_loginDDT -->
</testsuite> <!-- Test -->
